<?xml version="1.0" encoding="UTF-8"?>
<!-- Generated by org.testng.reporters.JUnitReportReporter -->
<testsuite skipped="0" hostname="Yerramsetty" name="TestCases.LoginTestCase" tests="1" failures="0" timestamp="29 Nov 2021 02:40:52 GMT" time="7.800" errors="0">
  <testcase name="Validatelogin" time="7.800" classname="TestCases.LoginTestCase"/>
</testsuite> <!-- TestCases.LoginTestCase -->
