<?xml version="1.0" encoding="UTF-8"?>
<!-- Generated by org.testng.reporters.JUnitReportReporter -->
<testsuite skipped="0" hostname="Yerramsetty" name="Base.DriverScript" tests="1" failures="0" timestamp="28 Nov 2021 23:37:53 GMT" time="7.613" errors="0">
  <testcase name="initapp" time="7.613" classname="Base.DriverScript"/>
</testsuite> <!-- Base.DriverScript -->
